[0m21:46:29.734646 [debug] [MainThread]: Sending event: {'category': 'dbt', 'action': 'invocation', 'label': 'start', 'context': [<snowplow_tracker.self_describing_json.SelfDescribingJson object at 0x000001D038DB2060>, <snowplow_tracker.self_describing_json.SelfDescribingJson object at 0x000001D036FD2930>, <snowplow_tracker.self_describing_json.SelfDescribingJson object at 0x000001D0396D55E0>]}


============================== 21:46:29.742007 | 5f17898e-1ee4-4be1-8609-7510b7b49b6a ==============================
[0m21:46:29.742007 [info ] [MainThread]: Running with dbt=1.10.13
[0m21:46:29.742007 [debug] [MainThread]: running dbt with arguments {'log_format': 'default', 'no_print': 'None', 'printer_width': '80', 'write_json': 'True', 'use_colors': 'True', 'warn_error': 'None', 'static_parser': 'True', 'partial_parse': 'True', 'log_path': 'logs', 'send_anonymous_usage_stats': 'True', 'indirect_selection': 'eager', 'warn_error_options': 'WarnErrorOptionsV2(error=[], warn=[], silence=[])', 'fail_fast': 'False', 'use_experimental_parser': 'False', 'version_check': 'True', 'introspect': 'True', 'quiet': 'False', 'empty': 'None', 'log_cache_events': 'False', 'debug': 'False', 'profiles_dir': 'C:\\Users\\Bilal\\.dbt', 'invocation_command': 'dbt debug', 'cache_selected_only': 'False', 'target_path': 'None'}
[0m21:46:29.861355 [info ] [MainThread]: dbt version: 1.10.13
[0m21:46:29.866070 [info ] [MainThread]: python version: 3.12.4
[0m21:46:29.866070 [info ] [MainThread]: python path: C:\Users\Bilal\Desktop\Github Repository\dbt-dremio-fundamentals\unit-0\dbt-dremio\Scripts\python.exe
[0m21:46:29.869118 [info ] [MainThread]: os info: Windows-11-10.0.26100-SP0
[0m21:46:30.219467 [info ] [MainThread]: Using profiles dir at C:\Users\Bilal\.dbt
[0m21:46:30.219467 [info ] [MainThread]: Using profiles.yml file at C:\Users\Bilal\.dbt\profiles.yml
[0m21:46:30.219467 [info ] [MainThread]: Using dbt_project.yml file at C:\Users\Bilal\Desktop\Github Repository\dbt-dremio-fundamentals\unit-0\dbt-dremio\Scripts\dbt_project.yml
[0m21:46:30.219467 [info ] [MainThread]: adapter type: dremio
[0m21:46:30.227062 [info ] [MainThread]: adapter version: 1.10.0
[0m21:46:30.230591 [info ] [MainThread]: Configuration:
[0m21:46:30.233406 [info ] [MainThread]:   profiles.yml file [[32mOK found and valid[0m]
[0m21:46:30.233406 [info ] [MainThread]:   dbt_project.yml file [[31mERROR not found[0m]
[0m21:46:30.233406 [info ] [MainThread]: Required dependencies:
[0m21:46:30.240921 [debug] [MainThread]: Executing "git --help"
[0m21:46:30.532570 [debug] [MainThread]: STDOUT: "b"usage: git [-v | --version] [-h | --help] [-C <path>] [-c <name>=<value>]\n           [--exec-path[=<path>]] [--html-path] [--man-path] [--info-path]\n           [-p | --paginate | -P | --no-pager] [--no-replace-objects] [--no-lazy-fetch]\n           [--no-optional-locks] [--no-advice] [--bare] [--git-dir=<path>]\n           [--work-tree=<path>] [--namespace=<name>] [--config-env=<name>=<envvar>]\n           <command> [<args>]\n\nThese are common Git commands used in various situations:\n\nstart a working area (see also: git help tutorial)\n   clone      Clone a repository into a new directory\n   init       Create an empty Git repository or reinitialize an existing one\n\nwork on the current change (see also: git help everyday)\n   add        Add file contents to the index\n   mv         Move or rename a file, a directory, or a symlink\n   restore    Restore working tree files\n   rm         Remove files from the working tree and from the index\n\nexamine the history and state (see also: git help revisions)\n   bisect     Use binary search to find the commit that introduced a bug\n   diff       Show changes between commits, commit and working tree, etc\n   grep       Print lines matching a pattern\n   log        Show commit logs\n   show       Show various types of objects\n   status     Show the working tree status\n\ngrow, mark and tweak your common history\n   backfill   Download missing objects in a partial clone\n   branch     List, create, or delete branches\n   commit     Record changes to the repository\n   merge      Join two or more development histories together\n   rebase     Reapply commits on top of another base tip\n   reset      Reset current HEAD to the specified state\n   switch     Switch branches\n   tag        Create, list, delete or verify a tag object signed with GPG\n\ncollaborate (see also: git help workflows)\n   fetch      Download objects and refs from another repository\n   pull       Fetch from and integrate with another repository or a local branch\n   push       Update remote refs along with associated objects\n\n'git help -a' and 'git help -g' list available subcommands and some\nconcept guides. See 'git help <command>' or 'git help <concept>'\nto read about a specific subcommand or concept.\nSee 'git help git' for an overview of the system.\n""
[0m21:46:30.538197 [debug] [MainThread]: STDERR: "b''"
[0m21:46:30.540900 [info ] [MainThread]:  - git [[32mOK found[0m]

[0m21:46:30.542941 [info ] [MainThread]: Connection:
[0m21:46:30.542941 [info ] [MainThread]:   cloud_host: None
[0m21:46:30.549141 [info ] [MainThread]:   cloud_project_id: None
[0m21:46:30.551896 [info ] [MainThread]:   software_host: localhost
[0m21:46:30.554902 [info ] [MainThread]:   port: 9047
[0m21:46:30.554902 [info ] [MainThread]:   use_ssl: False
[0m21:46:30.559011 [info ] [MainThread]:   environment: None
[0m21:46:30.559011 [info ] [MainThread]:   UID: bilalkhateeb
[0m21:46:30.561762 [info ] [MainThread]:   root_path: warehouse
[0m21:46:30.561762 [info ] [MainThread]:   datalake: catalog
[0m21:46:30.564816 [info ] [MainThread]:   database: catalog
[0m21:46:30.568403 [info ] [MainThread]:   schema: warehouse
[0m21:46:30.570432 [info ] [MainThread]:   user: bilalkhateeb
[0m21:46:30.570432 [info ] [MainThread]:   username: bilalkhateeb
[0m21:46:30.570432 [info ] [MainThread]:   object_storage_source: catalog
[0m21:46:30.570432 [info ] [MainThread]:   object_storage_path: warehouse
[0m21:46:30.570432 [info ] [MainThread]:   dremio_space: catalog
[0m21:46:30.578792 [info ] [MainThread]:   dremio_space_folder: warehouse
[0m21:46:30.587147 [info ] [MainThread]: Registered adapter: dremio=1.10.0
[0m21:46:31.329130 [debug] [MainThread]: Acquiring new dremio connection 'debug'
[0m21:46:31.329130 [debug] [MainThread]: dremio adapter: Using dremio connection "debug". fetch=False
[0m21:46:31.331141 [debug] [MainThread]: dremio adapter: On debug: select 1 as id
[0m21:46:31.331141 [debug] [MainThread]: Opening a new connection, currently in state init
[0m21:46:31.612193 [debug] [MainThread]: dremio adapter: Connected to db: catalog
[0m21:46:32.607247 [debug] [MainThread]: dremio adapter: Job State = METADATA_RETRIEVAL
[0m21:46:32.874059 [debug] [MainThread]: dremio adapter: Job State = PLANNING
[0m21:46:33.141434 [debug] [MainThread]: dremio adapter: Job State = EXECUTION_PLANNING
[0m21:46:33.445125 [debug] [MainThread]: dremio adapter: Job State = RUNNING
[0m21:46:34.959011 [debug] [MainThread]: dremio adapter: Job State = COMPLETED
[0m21:46:34.959545 [debug] [MainThread]: dremio adapter: SQL status: 1 in 3.63 seconds
[0m21:46:34.961582 [debug] [MainThread]: On debug: Close
[0m21:46:34.963604 [info ] [MainThread]:   Connection test: [[32mOK connection ok[0m]

[0m21:46:34.965629 [info ] [MainThread]: [31m1 check failed:[0m
[0m21:46:34.967666 [info ] [MainThread]: Project loading failed for the following reason:
 project path <C:\Users\Bilal\Desktop\Github Repository\dbt-dremio-fundamentals\unit-0\dbt-dremio\Scripts\dbt_project.yml> not found

[0m21:46:34.970923 [debug] [MainThread]: Command `dbt debug` failed at 21:46:34.970923 after 5.66 seconds
[0m21:46:34.972951 [debug] [MainThread]: Connection 'debug' was properly closed.
[0m21:46:34.974989 [debug] [MainThread]: Sending event: {'category': 'dbt', 'action': 'invocation', 'label': 'end', 'context': [<snowplow_tracker.self_describing_json.SelfDescribingJson object at 0x000001D0395D7620>, <snowplow_tracker.self_describing_json.SelfDescribingJson object at 0x000001D03B4D0FB0>, <snowplow_tracker.self_describing_json.SelfDescribingJson object at 0x000001D03B4D2F00>]}
[0m21:46:34.975998 [debug] [MainThread]: Flushing usage events
[0m21:46:37.490945 [debug] [MainThread]: An error was encountered while trying to flush usage events
