[0m21:16:20.178644 [debug] [MainThread]: Sending event: {'category': 'dbt', 'action': 'invocation', 'label': 'start', 'context': [<snowplow_tracker.self_describing_json.SelfDescribingJson object at 0x000001BF2232BE60>, <snowplow_tracker.self_describing_json.SelfDescribingJson object at 0x000001BF2232BE00>, <snowplow_tracker.self_describing_json.SelfDescribingJson object at 0x000001BF21F5FA10>]}


============================== 21:16:20.199457 | c42f290a-c691-4302-8c4e-e7ae6ad584f8 ==============================
[0m21:16:20.199457 [info ] [MainThread]: Running with dbt=1.10.13
[0m21:16:20.199457 [debug] [MainThread]: running dbt with arguments {'no_print': 'None', 'use_colors': 'True', 'log_format': 'default', 'write_json': 'True', 'printer_width': '80', 'warn_error': 'None', 'static_parser': 'True', 'fail_fast': 'False', 'indirect_selection': 'eager', 'send_anonymous_usage_stats': 'True', 'partial_parse': 'True', 'warn_error_options': 'WarnErrorOptionsV2(error=[], warn=[], silence=[])', 'log_path': 'logs', 'use_experimental_parser': 'False', 'version_check': 'True', 'introspect': 'True', 'quiet': 'False', 'empty': 'None', 'log_cache_events': 'False', 'debug': 'False', 'profiles_dir': 'C:\\Users\\Bilal\\.dbt', 'invocation_command': 'dbt init my_dbt_dremio_project', 'cache_selected_only': 'False', 'target_path': 'None'}
[0m21:16:20.237478 [info ] [MainThread]: Creating dbt configuration folder at C:\Users\Bilal\.dbt
[0m21:16:20.240691 [debug] [MainThread]: Starter project path: C:\Users\Bilal\Desktop\Github Repository\dbt-dremio-fundamentals\unit-0\dbt-dremio\Lib\site-packages\dbt\include\starter_project
[0m21:16:20.268867 [info ] [MainThread]: 
Your new dbt project "my_dbt_dremio_project" was created!

For more information on how to configure the profiles.yml file,
please consult the dbt documentation here:

  https://docs.getdbt.com/docs/configure-your-profile

One more thing:

Need help? Don't hesitate to reach out to us via GitHub issues or on Slack:

  https://community.getdbt.com/

Happy modeling!

[0m21:16:20.268867 [info ] [MainThread]: Setting up your profile.
[0m21:26:38.153393 [info ] [MainThread]: Profile my_dbt_dremio_project written to C:\Users\Bilal\.dbt\profiles.yml using target's profile_template.yml and your supplied values. Run 'dbt debug' to validate the connection.
[0m21:26:38.161801 [debug] [MainThread]: Command `dbt init` succeeded at 21:26:38.161801 after 618.22 seconds
[0m21:26:38.168244 [debug] [MainThread]: Sending event: {'category': 'dbt', 'action': 'invocation', 'label': 'end', 'context': [<snowplow_tracker.self_describing_json.SelfDescribingJson object at 0x000001BF201B6420>, <snowplow_tracker.self_describing_json.SelfDescribingJson object at 0x000001BF1FB1AAE0>, <snowplow_tracker.self_describing_json.SelfDescribingJson object at 0x000001BF1F678D40>]}
[0m21:26:38.174115 [debug] [MainThread]: Flushing usage events
[0m21:26:40.175856 [debug] [MainThread]: An error was encountered while trying to flush usage events
[0m21:27:48.708726 [debug] [MainThread]: Sending event: {'category': 'dbt', 'action': 'invocation', 'label': 'start', 'context': [<snowplow_tracker.self_describing_json.SelfDescribingJson object at 0x000002C6B0661550>, <snowplow_tracker.self_describing_json.SelfDescribingJson object at 0x000002C6B2A18E30>, <snowplow_tracker.self_describing_json.SelfDescribingJson object at 0x000002C6B261F710>]}


============================== 21:27:48.712522 | ccd16c3a-1365-4f37-85a0-2a4ace1f2e88 ==============================
[0m21:27:48.712522 [info ] [MainThread]: Running with dbt=1.10.13
[0m21:27:48.712522 [debug] [MainThread]: running dbt with arguments {'use_colors': 'True', 'write_json': 'True', 'log_format': 'default', 'profiles_dir': 'C:\\Users\\Bilal\\.dbt', 'printer_width': '80', 'warn_error': 'None', 'indirect_selection': 'eager', 'fail_fast': 'False', 'log_path': 'logs', 'send_anonymous_usage_stats': 'True', 'partial_parse': 'True', 'warn_error_options': 'WarnErrorOptionsV2(error=[], warn=[], silence=[])', 'static_parser': 'True', 'use_experimental_parser': 'False', 'version_check': 'True', 'introspect': 'True', 'quiet': 'False', 'empty': 'None', 'log_cache_events': 'False', 'debug': 'False', 'no_print': 'None', 'invocation_command': 'dbt debug', 'cache_selected_only': 'False', 'target_path': 'None'}
[0m21:27:48.778755 [info ] [MainThread]: dbt version: 1.10.13
[0m21:27:48.779845 [info ] [MainThread]: python version: 3.12.4
[0m21:27:48.782997 [info ] [MainThread]: python path: C:\Users\Bilal\Desktop\Github Repository\dbt-dremio-fundamentals\unit-0\dbt-dremio\Scripts\python.exe
[0m21:27:48.784676 [info ] [MainThread]: os info: Windows-11-10.0.26100-SP0
[0m21:27:49.155454 [info ] [MainThread]: Using profiles dir at C:\Users\Bilal\.dbt
[0m21:27:49.159484 [info ] [MainThread]: Using profiles.yml file at C:\Users\Bilal\.dbt\profiles.yml
[0m21:27:49.159484 [info ] [MainThread]: Using dbt_project.yml file at C:\Users\Bilal\Desktop\Github Repository\dbt-dremio-fundamentals\unit-0\dbt_project.yml
[0m21:27:49.159484 [info ] [MainThread]: adapter type: dremio
[0m21:27:49.159484 [info ] [MainThread]: adapter version: 1.10.0
[0m21:27:49.159484 [info ] [MainThread]: Configuration:
[0m21:27:49.159484 [info ] [MainThread]:   profiles.yml file [[32mOK found and valid[0m]
[0m21:27:49.159484 [info ] [MainThread]:   dbt_project.yml file [[31mERROR not found[0m]
[0m21:27:49.169832 [info ] [MainThread]: Required dependencies:
[0m21:27:49.170528 [debug] [MainThread]: Executing "git --help"
[0m21:27:50.306728 [debug] [MainThread]: STDOUT: "b"usage: git [-v | --version] [-h | --help] [-C <path>] [-c <name>=<value>]\n           [--exec-path[=<path>]] [--html-path] [--man-path] [--info-path]\n           [-p | --paginate | -P | --no-pager] [--no-replace-objects] [--no-lazy-fetch]\n           [--no-optional-locks] [--no-advice] [--bare] [--git-dir=<path>]\n           [--work-tree=<path>] [--namespace=<name>] [--config-env=<name>=<envvar>]\n           <command> [<args>]\n\nThese are common Git commands used in various situations:\n\nstart a working area (see also: git help tutorial)\n   clone      Clone a repository into a new directory\n   init       Create an empty Git repository or reinitialize an existing one\n\nwork on the current change (see also: git help everyday)\n   add        Add file contents to the index\n   mv         Move or rename a file, a directory, or a symlink\n   restore    Restore working tree files\n   rm         Remove files from the working tree and from the index\n\nexamine the history and state (see also: git help revisions)\n   bisect     Use binary search to find the commit that introduced a bug\n   diff       Show changes between commits, commit and working tree, etc\n   grep       Print lines matching a pattern\n   log        Show commit logs\n   show       Show various types of objects\n   status     Show the working tree status\n\ngrow, mark and tweak your common history\n   backfill   Download missing objects in a partial clone\n   branch     List, create, or delete branches\n   commit     Record changes to the repository\n   merge      Join two or more development histories together\n   rebase     Reapply commits on top of another base tip\n   reset      Reset current HEAD to the specified state\n   switch     Switch branches\n   tag        Create, list, delete or verify a tag object signed with GPG\n\ncollaborate (see also: git help workflows)\n   fetch      Download objects and refs from another repository\n   pull       Fetch from and integrate with another repository or a local branch\n   push       Update remote refs along with associated objects\n\n'git help -a' and 'git help -g' list available subcommands and some\nconcept guides. See 'git help <command>' or 'git help <concept>'\nto read about a specific subcommand or concept.\nSee 'git help git' for an overview of the system.\n""
[0m21:27:50.309766 [debug] [MainThread]: STDERR: "b''"
[0m21:27:50.312619 [info ] [MainThread]:  - git [[32mOK found[0m]

[0m21:27:50.312619 [info ] [MainThread]: Connection:
[0m21:27:50.312619 [info ] [MainThread]:   cloud_host: None
[0m21:27:50.325627 [info ] [MainThread]:   cloud_project_id: None
[0m21:27:50.325627 [info ] [MainThread]:   software_host: localhost
[0m21:27:50.333281 [info ] [MainThread]:   port: 9047
[0m21:27:50.333281 [info ] [MainThread]:   use_ssl: False
[0m21:27:50.342171 [info ] [MainThread]:   environment: None
[0m21:27:50.350163 [info ] [MainThread]:   UID: bilal
[0m21:27:50.350163 [info ] [MainThread]:   root_path: warehouse
[0m21:27:50.357228 [info ] [MainThread]:   datalake: catalog
[0m21:27:50.358226 [info ] [MainThread]:   database: catalog
[0m21:27:50.367996 [info ] [MainThread]:   schema: warehouse
[0m21:27:50.370028 [info ] [MainThread]:   user: bilal
[0m21:27:50.387726 [info ] [MainThread]:   username: bilal
[0m21:27:50.393969 [info ] [MainThread]:   object_storage_source: catalog
[0m21:27:50.400001 [info ] [MainThread]:   object_storage_path: warehouse
[0m21:27:50.405878 [info ] [MainThread]:   dremio_space: catalog
[0m21:27:50.410568 [info ] [MainThread]:   dremio_space_folder: warehouse
[0m21:27:50.413587 [info ] [MainThread]: Registered adapter: dremio=1.10.0
[0m21:27:51.434465 [debug] [MainThread]: Acquiring new dremio connection 'debug'
[0m21:27:51.435027 [debug] [MainThread]: dremio adapter: Using dremio connection "debug". fetch=False
[0m21:27:51.435027 [debug] [MainThread]: dremio adapter: On debug: select 1 as id
[0m21:27:51.435027 [debug] [MainThread]: Opening a new connection, currently in state init
[0m21:27:51.521478 [debug] [MainThread]: dremio adapter: Error running SQL: select 1 as id
[0m21:27:51.522619 [debug] [MainThread]: On debug: No close available on handle
[0m21:27:51.524764 [info ] [MainThread]:   Connection test: [[31mERROR[0m]

[0m21:27:51.525811 [info ] [MainThread]: [31m2 checks failed:[0m
[0m21:27:51.528798 [info ] [MainThread]: Project loading failed for the following reason:
 project path <C:\Users\Bilal\Desktop\Github Repository\dbt-dremio-fundamentals\unit-0\dbt_project.yml> not found

[0m21:27:51.531158 [info ] [MainThread]: dbt was unable to connect to the specified database.
The database returned the following error:

  >Database Error
  Unauthorized:: (401 Client Error: Unauthorized for url: http://localhost:9047/apiv2/login): ({"errorMessage":"Login failed: Invalid username or password, user bilal","moreInfo":"","stackTrace":[]})

Check your database credentials and try again. For more information, visit:
https://docs.getdbt.com/docs/configure-your-profile


[0m21:27:51.535136 [debug] [MainThread]: Command `dbt debug` failed at 21:27:51.534600 after 3.14 seconds
[0m21:27:51.536219 [debug] [MainThread]: Connection 'debug' was properly closed.
[0m21:27:51.537976 [debug] [MainThread]: Sending event: {'category': 'dbt', 'action': 'invocation', 'label': 'end', 'context': [<snowplow_tracker.self_describing_json.SelfDescribingJson object at 0x000002C6B298E390>, <snowplow_tracker.self_describing_json.SelfDescribingJson object at 0x000002C6B264C620>, <snowplow_tracker.self_describing_json.SelfDescribingJson object at 0x000002C6AFE37FE0>]}
[0m21:27:51.539142 [debug] [MainThread]: Flushing usage events
[0m21:27:53.775812 [debug] [MainThread]: An error was encountered while trying to flush usage events
[0m21:35:27.156446 [debug] [MainThread]: Sending event: {'category': 'dbt', 'action': 'invocation', 'label': 'start', 'context': [<snowplow_tracker.self_describing_json.SelfDescribingJson object at 0x000002B6ADF395E0>, <snowplow_tracker.self_describing_json.SelfDescribingJson object at 0x000002B6AF4DDF10>, <snowplow_tracker.self_describing_json.SelfDescribingJson object at 0x000002B6AF4C6450>]}


============================== 21:35:27.160565 | 54b4c938-8faa-4a4d-b098-cbe609026afd ==============================
[0m21:35:27.160565 [info ] [MainThread]: Running with dbt=1.10.13
[0m21:35:27.160565 [debug] [MainThread]: running dbt with arguments {'no_print': 'None', 'write_json': 'True', 'profiles_dir': 'C:\\Users\\Bilal\\.dbt', 'printer_width': '80', 'invocation_command': 'dbt debug', 'warn_error': 'None', 'indirect_selection': 'eager', 'partial_parse': 'True', 'log_path': 'logs', 'send_anonymous_usage_stats': 'True', 'static_parser': 'True', 'warn_error_options': 'WarnErrorOptionsV2(error=[], warn=[], silence=[])', 'fail_fast': 'False', 'use_experimental_parser': 'False', 'version_check': 'True', 'quiet': 'False', 'introspect': 'True', 'empty': 'None', 'log_cache_events': 'False', 'debug': 'False', 'log_format': 'default', 'use_colors': 'True', 'cache_selected_only': 'False', 'target_path': 'None'}
[0m21:35:27.220089 [info ] [MainThread]: dbt version: 1.10.13
[0m21:35:27.224608 [info ] [MainThread]: python version: 3.12.4
[0m21:35:27.227104 [info ] [MainThread]: python path: C:\Users\Bilal\Desktop\Github Repository\dbt-dremio-fundamentals\unit-0\dbt-dremio\Scripts\python.exe
[0m21:35:27.227104 [info ] [MainThread]: os info: Windows-11-10.0.26100-SP0
[0m21:35:27.531187 [info ] [MainThread]: Using profiles dir at C:\Users\Bilal\.dbt
[0m21:35:27.531187 [info ] [MainThread]: Using profiles.yml file at C:\Users\Bilal\.dbt\profiles.yml
[0m21:35:27.531187 [info ] [MainThread]: Using dbt_project.yml file at C:\Users\Bilal\Desktop\Github Repository\dbt-dremio-fundamentals\unit-0\dbt_project.yml
[0m21:35:27.536107 [info ] [MainThread]: adapter type: dremio
[0m21:35:27.539943 [info ] [MainThread]: adapter version: 1.10.0
[0m21:35:27.543682 [info ] [MainThread]: Configuration:
[0m21:35:27.552765 [info ] [MainThread]:   profiles.yml file [[32mOK found and valid[0m]
[0m21:35:27.552765 [info ] [MainThread]:   dbt_project.yml file [[31mERROR not found[0m]
[0m21:35:27.556453 [info ] [MainThread]: Required dependencies:
[0m21:35:27.556453 [debug] [MainThread]: Executing "git --help"
[0m21:35:27.864188 [debug] [MainThread]: STDOUT: "b"usage: git [-v | --version] [-h | --help] [-C <path>] [-c <name>=<value>]\n           [--exec-path[=<path>]] [--html-path] [--man-path] [--info-path]\n           [-p | --paginate | -P | --no-pager] [--no-replace-objects] [--no-lazy-fetch]\n           [--no-optional-locks] [--no-advice] [--bare] [--git-dir=<path>]\n           [--work-tree=<path>] [--namespace=<name>] [--config-env=<name>=<envvar>]\n           <command> [<args>]\n\nThese are common Git commands used in various situations:\n\nstart a working area (see also: git help tutorial)\n   clone      Clone a repository into a new directory\n   init       Create an empty Git repository or reinitialize an existing one\n\nwork on the current change (see also: git help everyday)\n   add        Add file contents to the index\n   mv         Move or rename a file, a directory, or a symlink\n   restore    Restore working tree files\n   rm         Remove files from the working tree and from the index\n\nexamine the history and state (see also: git help revisions)\n   bisect     Use binary search to find the commit that introduced a bug\n   diff       Show changes between commits, commit and working tree, etc\n   grep       Print lines matching a pattern\n   log        Show commit logs\n   show       Show various types of objects\n   status     Show the working tree status\n\ngrow, mark and tweak your common history\n   backfill   Download missing objects in a partial clone\n   branch     List, create, or delete branches\n   commit     Record changes to the repository\n   merge      Join two or more development histories together\n   rebase     Reapply commits on top of another base tip\n   reset      Reset current HEAD to the specified state\n   switch     Switch branches\n   tag        Create, list, delete or verify a tag object signed with GPG\n\ncollaborate (see also: git help workflows)\n   fetch      Download objects and refs from another repository\n   pull       Fetch from and integrate with another repository or a local branch\n   push       Update remote refs along with associated objects\n\n'git help -a' and 'git help -g' list available subcommands and some\nconcept guides. See 'git help <command>' or 'git help <concept>'\nto read about a specific subcommand or concept.\nSee 'git help git' for an overview of the system.\n""
[0m21:35:27.865736 [debug] [MainThread]: STDERR: "b''"
[0m21:35:27.868117 [info ] [MainThread]:  - git [[32mOK found[0m]

[0m21:35:27.869167 [info ] [MainThread]: Connection:
[0m21:35:27.872934 [info ] [MainThread]:   cloud_host: None
[0m21:35:27.876959 [info ] [MainThread]:   cloud_project_id: None
[0m21:35:27.878970 [info ] [MainThread]:   software_host: localhost
[0m21:35:27.880582 [info ] [MainThread]:   port: 9047
[0m21:35:27.882620 [info ] [MainThread]:   use_ssl: False
[0m21:35:27.884631 [info ] [MainThread]:   environment: None
[0m21:35:27.886644 [info ] [MainThread]:   UID: bilal
[0m21:35:27.888657 [info ] [MainThread]:   root_path: warehouse
[0m21:35:27.890668 [info ] [MainThread]:   datalake: catalog
[0m21:35:27.892863 [info ] [MainThread]:   database: catalog
[0m21:35:27.892863 [info ] [MainThread]:   schema: warehouse
[0m21:35:27.894876 [info ] [MainThread]:   user: bilal
[0m21:35:27.896887 [info ] [MainThread]:   username: bilal
[0m21:35:27.898899 [info ] [MainThread]:   object_storage_source: catalog
[0m21:35:27.900910 [info ] [MainThread]:   object_storage_path: warehouse
[0m21:35:27.902663 [info ] [MainThread]:   dremio_space: catalog
[0m21:35:27.904327 [info ] [MainThread]:   dremio_space_folder: warehouse
[0m21:35:27.908368 [info ] [MainThread]: Registered adapter: dremio=1.10.0
[0m21:35:28.741770 [debug] [MainThread]: Acquiring new dremio connection 'debug'
[0m21:35:28.741770 [debug] [MainThread]: dremio adapter: Using dremio connection "debug". fetch=False
[0m21:35:28.741770 [debug] [MainThread]: dremio adapter: On debug: select 1 as id
[0m21:35:28.741770 [debug] [MainThread]: Opening a new connection, currently in state init
[0m21:35:28.783906 [debug] [MainThread]: dremio adapter: Error running SQL: select 1 as id
[0m21:35:28.785539 [debug] [MainThread]: On debug: No close available on handle
[0m21:35:28.787505 [info ] [MainThread]:   Connection test: [[31mERROR[0m]

[0m21:35:28.790154 [info ] [MainThread]: [31m2 checks failed:[0m
[0m21:35:28.792119 [info ] [MainThread]: Project loading failed for the following reason:
 project path <C:\Users\Bilal\Desktop\Github Repository\dbt-dremio-fundamentals\unit-0\dbt_project.yml> not found

[0m21:35:28.794344 [info ] [MainThread]: dbt was unable to connect to the specified database.
The database returned the following error:

  >Database Error
  Unauthorized:: (401 Client Error: Unauthorized for url: http://localhost:9047/apiv2/login): ({"errorMessage":"Login failed: Invalid username or password, user bilal","moreInfo":"","stackTrace":[]})

Check your database credentials and try again. For more information, visit:
https://docs.getdbt.com/docs/configure-your-profile


[0m21:35:28.797834 [debug] [MainThread]: Command `dbt debug` failed at 21:35:28.797834 after 1.99 seconds
[0m21:35:28.799527 [debug] [MainThread]: Connection 'debug' was properly closed.
[0m21:35:28.801258 [debug] [MainThread]: Sending event: {'category': 'dbt', 'action': 'invocation', 'label': 'end', 'context': [<snowplow_tracker.self_describing_json.SelfDescribingJson object at 0x000002B6B1C026C0>, <snowplow_tracker.self_describing_json.SelfDescribingJson object at 0x000002B6B1764650>, <snowplow_tracker.self_describing_json.SelfDescribingJson object at 0x000002B6B16F5730>]}
[0m21:35:28.802933 [debug] [MainThread]: Flushing usage events
[0m21:35:30.753208 [debug] [MainThread]: An error was encountered while trying to flush usage events
[0m21:37:15.476191 [debug] [MainThread]: Sending event: {'category': 'dbt', 'action': 'invocation', 'label': 'start', 'context': [<snowplow_tracker.self_describing_json.SelfDescribingJson object at 0x00000261F4E55EE0>, <snowplow_tracker.self_describing_json.SelfDescribingJson object at 0x00000261F249DDF0>, <snowplow_tracker.self_describing_json.SelfDescribingJson object at 0x00000261F5068A40>]}


============================== 21:37:15.486653 | b45cf102-45a3-4cd6-8f4e-9717b4c58b07 ==============================
[0m21:37:15.486653 [info ] [MainThread]: Running with dbt=1.10.13
[0m21:37:15.487395 [debug] [MainThread]: running dbt with arguments {'target_path': 'None', 'profiles_dir': 'C:\\Users\\Bilal\\.dbt', 'invocation_command': 'dbt init my_dbt_dremio_project', 'log_format': 'default', 'printer_width': '80', 'warn_error': 'None', 'static_parser': 'True', 'partial_parse': 'True', 'indirect_selection': 'eager', 'send_anonymous_usage_stats': 'True', 'log_path': 'logs', 'warn_error_options': 'WarnErrorOptionsV2(error=[], warn=[], silence=[])', 'fail_fast': 'False', 'use_experimental_parser': 'False', 'version_check': 'True', 'quiet': 'False', 'introspect': 'True', 'empty': 'None', 'log_cache_events': 'False', 'debug': 'False', 'no_print': 'None', 'use_colors': 'True', 'cache_selected_only': 'False', 'write_json': 'True'}
[0m21:37:15.528051 [info ] [MainThread]: A project called my_dbt_dremio_project already exists here.
[0m21:37:15.528051 [debug] [MainThread]: Command `dbt init` succeeded at 21:37:15.528051 after 0.32 seconds
[0m21:37:15.528051 [debug] [MainThread]: Sending event: {'category': 'dbt', 'action': 'invocation', 'label': 'end', 'context': [<snowplow_tracker.self_describing_json.SelfDescribingJson object at 0x00000261F55F0470>, <snowplow_tracker.self_describing_json.SelfDescribingJson object at 0x00000261F563CE30>, <snowplow_tracker.self_describing_json.SelfDescribingJson object at 0x00000261EEECB920>]}
[0m21:37:15.528051 [debug] [MainThread]: Flushing usage events
[0m21:37:17.368401 [debug] [MainThread]: An error was encountered while trying to flush usage events
[0m17:40:40.070051 [debug] [MainThread]: Sending event: {'category': 'dbt', 'action': 'invocation', 'label': 'start', 'context': [<snowplow_tracker.self_describing_json.SelfDescribingJson object at 0x0000027691E4FB00>, <snowplow_tracker.self_describing_json.SelfDescribingJson object at 0x000002768EA88AD0>, <snowplow_tracker.self_describing_json.SelfDescribingJson object at 0x0000027691DD68A0>]}


============================== 17:40:40.076388 | 33f81765-7471-48ac-b44a-99cc87cd76e6 ==============================
[0m17:40:40.076388 [info ] [MainThread]: Running with dbt=1.10.13
[0m17:40:40.078051 [debug] [MainThread]: running dbt with arguments {'no_print': 'None', 'invocation_command': 'dbt debug', 'printer_width': '80', 'write_json': 'True', 'profiles_dir': 'C:\\Users\\Bilal\\.dbt', 'warn_error': 'None', 'static_parser': 'True', 'partial_parse': 'True', 'indirect_selection': 'eager', 'send_anonymous_usage_stats': 'True', 'fail_fast': 'False', 'warn_error_options': 'WarnErrorOptionsV2(error=[], warn=[], silence=[])', 'log_path': 'logs', 'use_experimental_parser': 'False', 'version_check': 'True', 'quiet': 'False', 'introspect': 'True', 'empty': 'None', 'log_cache_events': 'False', 'debug': 'False', 'log_format': 'default', 'use_colors': 'True', 'cache_selected_only': 'False', 'target_path': 'None'}
[0m17:40:40.120200 [info ] [MainThread]: dbt version: 1.10.13
[0m17:40:40.120200 [info ] [MainThread]: python version: 3.12.4
[0m17:40:40.120200 [info ] [MainThread]: python path: C:\Users\Bilal\Desktop\Github Repository\dbt-dremio-fundamentals\unit-0\dbt-dremio\Scripts\python.exe
[0m17:40:40.120200 [info ] [MainThread]: os info: Windows-11-10.0.26100-SP0
[0m17:40:40.462932 [info ] [MainThread]: Using profiles dir at C:\Users\Bilal\.dbt
[0m17:40:40.462932 [info ] [MainThread]: Using profiles.yml file at C:\Users\Bilal\.dbt\profiles.yml
[0m17:40:40.462932 [info ] [MainThread]: Using dbt_project.yml file at C:\Users\Bilal\Desktop\Github Repository\dbt-dremio-fundamentals\unit-0\dbt_project.yml
[0m17:40:40.462932 [info ] [MainThread]: adapter type: dremio
[0m17:40:40.462932 [info ] [MainThread]: adapter version: 1.10.0
[0m17:40:40.462932 [info ] [MainThread]: Configuration:
[0m17:40:40.471505 [info ] [MainThread]:   profiles.yml file [[32mOK found and valid[0m]
[0m17:40:40.474292 [info ] [MainThread]:   dbt_project.yml file [[31mERROR not found[0m]
[0m17:40:40.474292 [info ] [MainThread]: Required dependencies:
[0m17:40:40.474292 [debug] [MainThread]: Executing "git --help"
[0m17:40:40.563180 [debug] [MainThread]: STDOUT: "b"usage: git [-v | --version] [-h | --help] [-C <path>] [-c <name>=<value>]\n           [--exec-path[=<path>]] [--html-path] [--man-path] [--info-path]\n           [-p | --paginate | -P | --no-pager] [--no-replace-objects] [--no-lazy-fetch]\n           [--no-optional-locks] [--no-advice] [--bare] [--git-dir=<path>]\n           [--work-tree=<path>] [--namespace=<name>] [--config-env=<name>=<envvar>]\n           <command> [<args>]\n\nThese are common Git commands used in various situations:\n\nstart a working area (see also: git help tutorial)\n   clone      Clone a repository into a new directory\n   init       Create an empty Git repository or reinitialize an existing one\n\nwork on the current change (see also: git help everyday)\n   add        Add file contents to the index\n   mv         Move or rename a file, a directory, or a symlink\n   restore    Restore working tree files\n   rm         Remove files from the working tree and from the index\n\nexamine the history and state (see also: git help revisions)\n   bisect     Use binary search to find the commit that introduced a bug\n   diff       Show changes between commits, commit and working tree, etc\n   grep       Print lines matching a pattern\n   log        Show commit logs\n   show       Show various types of objects\n   status     Show the working tree status\n\ngrow, mark and tweak your common history\n   backfill   Download missing objects in a partial clone\n   branch     List, create, or delete branches\n   commit     Record changes to the repository\n   merge      Join two or more development histories together\n   rebase     Reapply commits on top of another base tip\n   reset      Reset current HEAD to the specified state\n   switch     Switch branches\n   tag        Create, list, delete or verify a tag object signed with GPG\n\ncollaborate (see also: git help workflows)\n   fetch      Download objects and refs from another repository\n   pull       Fetch from and integrate with another repository or a local branch\n   push       Update remote refs along with associated objects\n\n'git help -a' and 'git help -g' list available subcommands and some\nconcept guides. See 'git help <command>' or 'git help <concept>'\nto read about a specific subcommand or concept.\nSee 'git help git' for an overview of the system.\n""
[0m17:40:40.564187 [debug] [MainThread]: STDERR: "b''"
[0m17:40:40.564700 [info ] [MainThread]:  - git [[32mOK found[0m]

[0m17:40:40.567255 [info ] [MainThread]: Connection:
[0m17:40:40.569640 [info ] [MainThread]:   cloud_host: None
[0m17:40:40.571518 [info ] [MainThread]:   cloud_project_id: None
[0m17:40:40.574470 [info ] [MainThread]:   software_host: localhost
[0m17:40:40.575965 [info ] [MainThread]:   port: 9047
[0m17:40:40.577704 [info ] [MainThread]:   use_ssl: False
[0m17:40:40.579402 [info ] [MainThread]:   environment: None
[0m17:40:40.581020 [info ] [MainThread]:   UID: bilalkhateeb
[0m17:40:40.582101 [info ] [MainThread]:   root_path: warehouse
[0m17:40:40.584213 [info ] [MainThread]:   datalake: catalog
[0m17:40:40.586958 [info ] [MainThread]:   database: catalog
[0m17:40:40.588012 [info ] [MainThread]:   schema: warehouse
[0m17:40:40.589620 [info ] [MainThread]:   user: bilalkhateeb
[0m17:40:40.590871 [info ] [MainThread]:   username: bilalkhateeb
[0m17:40:40.591466 [info ] [MainThread]:   object_storage_source: catalog
[0m17:40:40.591466 [info ] [MainThread]:   object_storage_path: warehouse
[0m17:40:40.591466 [info ] [MainThread]:   dremio_space: catalog
[0m17:40:40.591466 [info ] [MainThread]:   dremio_space_folder: warehouse
[0m17:40:40.595852 [info ] [MainThread]: Registered adapter: dremio=1.10.0
[0m17:40:41.532925 [debug] [MainThread]: Acquiring new dremio connection 'debug'
[0m17:40:41.534062 [debug] [MainThread]: dremio adapter: Using dremio connection "debug". fetch=False
[0m17:40:41.534062 [debug] [MainThread]: dremio adapter: On debug: select 1 as id
[0m17:40:41.534062 [debug] [MainThread]: Opening a new connection, currently in state init
[0m17:40:41.744859 [debug] [MainThread]: dremio adapter: Connected to db: catalog
[0m17:40:42.172682 [debug] [MainThread]: dremio adapter: Job State = METADATA_RETRIEVAL
[0m17:40:42.401892 [debug] [MainThread]: dremio adapter: Job State = PLANNING
[0m17:40:42.645591 [debug] [MainThread]: dremio adapter: Job State = RUNNING
[0m17:40:42.878798 [debug] [MainThread]: dremio adapter: Job State = COMPLETED
[0m17:40:42.878798 [debug] [MainThread]: dremio adapter: SQL status: 1 in 1.34 seconds
[0m17:40:42.892506 [debug] [MainThread]: On debug: Close
[0m17:40:42.896568 [info ] [MainThread]:   Connection test: [[32mOK connection ok[0m]

[0m17:40:42.905112 [info ] [MainThread]: [31m1 check failed:[0m
[0m17:40:42.912995 [info ] [MainThread]: Project loading failed for the following reason:
 project path <C:\Users\Bilal\Desktop\Github Repository\dbt-dremio-fundamentals\unit-0\dbt_project.yml> not found

[0m17:40:42.996088 [debug] [MainThread]: Command `dbt debug` failed at 17:40:42.994090 after 3.19 seconds
[0m17:40:43.000952 [debug] [MainThread]: Connection 'debug' was properly closed.
[0m17:40:43.005976 [debug] [MainThread]: Sending event: {'category': 'dbt', 'action': 'invocation', 'label': 'end', 'context': [<snowplow_tracker.self_describing_json.SelfDescribingJson object at 0x000002768BD2BA40>, <snowplow_tracker.self_describing_json.SelfDescribingJson object at 0x0000027693A19730>, <snowplow_tracker.self_describing_json.SelfDescribingJson object at 0x0000027692558860>]}
[0m17:40:43.010004 [debug] [MainThread]: Flushing usage events
[0m17:40:43.868751 [debug] [MainThread]: An error was encountered while trying to flush usage events
